<?xml version="1.0" encoding="UTF-8"?>
<testng-results skipped="0" failed="0" ignored="0" total="1" passed="1">
  <reporter-output>
  </reporter-output>
  <suite name="Default suite" duration-ms="61267" started-at="2020-06-26T07:40:37Z" finished-at="2020-06-26T07:41:38Z">
    <groups>
    </groups>
    <test name="Default test" duration-ms="61267" started-at="2020-06-26T07:40:37Z" finished-at="2020-06-26T07:41:38Z">
      <class name="seleniumpractisedemo.Testsample">
        <test-method status="PASS" signature="startbrowser()[pri:0, instance:seleniumpractisedemo.Testsample@643b1d11]" name="startbrowser" duration-ms="60949" started-at="2020-06-26T13:10:37Z" finished-at="2020-06-26T13:11:38Z">
          <reporter-output>
          </reporter-output>
        </test-method> <!-- startbrowser -->
      </class> <!-- seleniumpractisedemo.Testsample -->
    </test> <!-- Default test -->
  </suite> <!-- Default suite -->
</testng-results>
